  Main.cpp
C:\Users\c019949l\source\repos\ByCubed7\OpenGL-Enviroment\Platformer\Library\glad.h(326,1): warning C4005: 'GL_ALL_ATTRIB_BITS': macro redefinition
C:\Program Files (x86)\Windows Kits\10\Include\10.0.19041.0\um\GL\gl.h(107): message : see previous definition of 'GL_ALL_ATTRIB_BITS'
C:\Users\c019949l\source\repos\ByCubed7\OpenGL-Enviroment\Platformer\Library\glad.h(414,1): warning C4005: 'GL_LOGIC_OP': macro redefinition
C:\Program Files (x86)\Windows Kits\10\Include\10.0.19041.0\um\GL\gl.h(1152): message : see previous definition of 'GL_LOGIC_OP'
C:\Users\c019949l\source\repos\ByCubed7\OpenGL-Enviroment\Platformer\Library\glad.h(498,1): warning C4005: 'GL_TEXTURE_COMPONENTS': macro redefinition
C:\Program Files (x86)\Windows Kits\10\Include\10.0.19041.0\um\GL\gl.h(1153): message : see previous definition of 'GL_TEXTURE_COMPONENTS'
C:\Users\c019949l\source\repos\ByCubed7\OpenGL-Enviroment\Platformer\Library\glad.h(592,1): warning C4005: 'GL_CLIENT_ALL_ATTRIB_BITS': macro redefinition
C:\Program Files (x86)\Windows Kits\10\Include\10.0.19041.0\um\GL\gl.h(973): message : see previous definition of 'GL_CLIENT_ALL_ATTRIB_BITS'
C:\Users\c019949l\source\repos\ByCubed7\OpenGL-Enviroment\Platformer\Library\stb_image.h(729,12): error C2084: function 'int stbi__cpuid3(void)' already has a body
C:\Users\c019949l\source\repos\ByCubed7\OpenGL-Enviroment\Platformer\Library\stb_image.h(729): message : see previous definition of 'stbi__cpuid3'
C:\Users\c019949l\source\repos\ByCubed7\OpenGL-Enviroment\Platformer\Library\stb_image.h(751,12): error C2084: function 'int stbi__sse2_available(void)' already has a body
C:\Users\c019949l\source\repos\ByCubed7\OpenGL-Enviroment\Platformer\Library\stb_image.h(751): message : see previous definition of 'stbi__sse2_available'
C:\Users\c019949l\source\repos\ByCubed7\OpenGL-Enviroment\Platformer\Library\stb_image.h(753,17): error C2065: 'stbi__cpuid3': undeclared identifier
C:\Users\c019949l\source\repos\ByCubed7\OpenGL-Enviroment\Platformer\Library\stb_image.h(753,31): error C2440: 'initializing': cannot convert from 'int (__cdecl *)(void)' to 'int'
C:\Users\c019949l\source\repos\ByCubed7\OpenGL-Enviroment\Platformer\Library\stb_image.h(753,15): message : There is no context in which this conversion is possible
C:\Users\c019949l\source\repos\ByCubed7\OpenGL-Enviroment\Platformer\Library\stb_image.h(817,3): error C2371: 'stbi__context': redefinition; different basic types
C:\Users\c019949l\source\repos\ByCubed7\OpenGL-Enviroment\Platformer\Library\stb_image.h(817): message : see declaration of 'stbi__context'
C:\Users\c019949l\source\repos\ByCubed7\OpenGL-Enviroment\Platformer\Library\stb_image.h(823,13): error C2084: function 'void stbi__start_mem(stbi__context *,const stbi_uc *,int)' already has a body
C:\Users\c019949l\source\repos\ByCubed7\OpenGL-Enviroment\Platformer\Library\stb_image.h(823): message : see previous definition of 'stbi__start_mem'
C:\Users\c019949l\source\repos\ByCubed7\OpenGL-Enviroment\Platformer\Library\stb_image.h(833,13): error C2084: function 'void stbi__start_callbacks(stbi__context *,stbi_io_callbacks *,void *)' already has a body
C:\Users\c019949l\source\repos\ByCubed7\OpenGL-Enviroment\Platformer\Library\stb_image.h(833): message : see previous definition of 'stbi__start_callbacks'
C:\Users\c019949l\source\repos\ByCubed7\OpenGL-Enviroment\Platformer\Library\stb_image.h(847,12): error C2084: function 'int stbi__stdio_read(void *,char *,int)' already has a body
C:\Users\c019949l\source\repos\ByCubed7\OpenGL-Enviroment\Platformer\Library\stb_image.h(847): message : see previous definition of 'stbi__stdio_read'
C:\Users\c019949l\source\repos\ByCubed7\OpenGL-Enviroment\Platformer\Library\stb_image.h(852,13): error C2084: function 'void stbi__stdio_skip(void *,int)' already has a body
C:\Users\c019949l\source\repos\ByCubed7\OpenGL-Enviroment\Platformer\Library\stb_image.h(852): message : see previous definition of 'stbi__stdio_skip'
C:\Users\c019949l\source\repos\ByCubed7\OpenGL-Enviroment\Platformer\Library\stb_image.h(862,12): error C2084: function 'int stbi__stdio_eof(void *)' already has a body
C:\Users\c019949l\source\repos\ByCubed7\OpenGL-Enviroment\Platformer\Library\stb_image.h(862): message : see previous definition of 'stbi__stdio_eof'
C:\Users\c019949l\source\repos\ByCubed7\OpenGL-Enviroment\Platformer\Library\stb_image.h(867,26): error C2374: 'stbi__stdio_callbacks': redefinition; multiple initialization
C:\Users\c019949l\source\repos\ByCubed7\OpenGL-Enviroment\Platformer\Library\stb_image.h(867): message : see declaration of 'stbi__stdio_callbacks'
C:\Users\c019949l\source\repos\ByCubed7\OpenGL-Enviroment\Platformer\Library\stb_image.h(874,13): error C2084: function 'void stbi__start_file(stbi__context *,FILE *)' already has a body
C:\Users\c019949l\source\repos\ByCubed7\OpenGL-Enviroment\Platformer\Library\stb_image.h(874): message : see previous definition of 'stbi__start_file'
C:\Users\c019949l\source\repos\ByCubed7\OpenGL-Enviroment\Platformer\Library\stb_image.h(876,5): error C2065: 'stbi__start_callbacks': undeclared identifier
C:\Users\c019949l\source\repos\ByCubed7\OpenGL-Enviroment\Platformer\Library\stb_image.h(883,13): error C2084: function 'void stbi__rewind(stbi__context *)' already has a body
C:\Users\c019949l\source\repos\ByCubed7\OpenGL-Enviroment\Platformer\Library\stb_image.h(883): message : see previous definition of 'stbi__rewind'
C:\Users\c019949l\source\repos\ByCubed7\OpenGL-Enviroment\Platformer\Library\stb_image.h(894,5): error C2365: 'STBI_ORDER_RGB': redefinition; previous definition was 'enumerator'
C:\Users\c019949l\source\repos\ByCubed7\OpenGL-Enviroment\Platformer\Library\stb_image.h(894): message : see declaration of 'STBI_ORDER_RGB'
C:\Users\c019949l\source\repos\ByCubed7\OpenGL-Enviroment\Platformer\Library\stb_image.h(895,5): error C2365: 'STBI_ORDER_BGR': redefinition; previous definition was 'enumerator'
C:\Users\c019949l\source\repos\ByCubed7\OpenGL-Enviroment\Platformer\Library\stb_image.h(895): message : see declaration of 'STBI_ORDER_BGR'
C:\Users\c019949l\source\repos\ByCubed7\OpenGL-Enviroment\Platformer\Library\stb_image.h(903,3): error C2371: 'stbi__result_info': redefinition; different basic types
C:\Users\c019949l\source\repos\ByCubed7\OpenGL-Enviroment\Platformer\Library\stb_image.h(903): message : see declaration of 'stbi__result_info'
C:\Users\c019949l\source\repos\ByCubed7\OpenGL-Enviroment\Platformer\Library\stb_image.h(967,13): error C2086: 'const char *stbi__g_failure_reason': redefinition
C:\Users\c019949l\source\repos\ByCubed7\OpenGL-Enviroment\Platformer\Library\stb_image.h(967): message : see declaration of 'stbi__g_failure_reason'
C:\Users\c019949l\source\repos\ByCubed7\OpenGL-Enviroment\Platformer\Library\stb_image.h(969,21): error C2084: function 'const char *stbi_failure_reason(void)' already has a body
C:\Users\c019949l\source\repos\ByCubed7\OpenGL-Enviroment\Platformer\Library\stb_image.h(969): message : see previous definition of 'stbi_failure_reason'
C:\Users\c019949l\source\repos\ByCubed7\OpenGL-Enviroment\Platformer\Library\stb_image.h(975,12): warning C4003: not enough arguments for function-like macro invocation 'stbi__err'
C:\Users\c019949l\source\repos\ByCubed7\OpenGL-Enviroment\Platformer\Library\stb_image.h(975,12): error C2084: function 'int stbi__err(const char *)' already has a body
C:\Users\c019949l\source\repos\ByCubed7\OpenGL-Enviroment\Platformer\Library\stb_image.h(975): message : see previous definition of 'stbi__err'
C:\Users\c019949l\source\repos\ByCubed7\OpenGL-Enviroment\Platformer\Library\stb_image.h(982,14): error C2084: function 'void *stbi__malloc(size_t)' already has a body
C:\Users\c019949l\source\repos\ByCubed7\OpenGL-Enviroment\Platformer\Library\stb_image.h(982): message : see previous definition of 'stbi__malloc'
C:\Users\c019949l\source\repos\ByCubed7\OpenGL-Enviroment\Platformer\Library\stb_image.h(999,12): error C2084: function 'int stbi__addsizes_valid(int,int)' already has a body
C:\Users\c019949l\source\repos\ByCubed7\OpenGL-Enviroment\Platformer\Library\stb_image.h(999): message : see previous definition of 'stbi__addsizes_valid'
C:\Users\c019949l\source\repos\ByCubed7\OpenGL-Enviroment\Platformer\Library\stb_image.h(1011,12): error C2084: function 'int stbi__mul2sizes_valid(int,int)' already has a body
C:\Users\c019949l\source\repos\ByCubed7\OpenGL-Enviroment\Platformer\Library\stb_image.h(1011): message : see previous definition of 'stbi__mul2sizes_valid'
C:\Users\c019949l\source\repos\ByCubed7\OpenGL-Enviroment\Platformer\Library\stb_image.h(1021,12): error C2084: function 'int stbi__mad2sizes_valid(int,int,int)' already has a body
C:\Users\c019949l\source\repos\ByCubed7\OpenGL-Enviroment\Platformer\Library\stb_image.h(1021): message : see previous definition of 'stbi__mad2sizes_valid'
C:\Users\c019949l\source\repos\ByCubed7\OpenGL-Enviroment\Platformer\Library\stb_image.h(1023,12): error C2065: 'stbi__mul2sizes_valid': undeclared identifier
C:\Users\c019949l\source\repos\ByCubed7\OpenGL-Enviroment\Platformer\Library\stb_image.h(1023,43): error C2065: 'stbi__addsizes_valid': undeclared identifier
C:\Users\c019949l\source\repos\ByCubed7\OpenGL-Enviroment\Platformer\Library\stb_image.h(1023,75): warning C4551: function call missing argument list
C:\Users\c019949l\source\repos\ByCubed7\OpenGL-Enviroment\Platformer\Library\stb_image.h(1023,75): error C2568: '&&': unable to resolve function overload
C:\Users\c019949l\source\repos\ByCubed7\OpenGL-Enviroment\Platformer\Library\stb_image.h(1023,75): message : could be 'int stbi__addsizes_valid(int,int)'
C:\Users\c019949l\source\repos\ByCubed7\OpenGL-Enviroment\Platformer\Library\stb_image.h(1028,12): error C2084: function 'int stbi__mad3sizes_valid(int,int,int,int)' already has a body
C:\Users\c019949l\source\repos\ByCubed7\OpenGL-Enviroment\Platformer\Library\stb_image.h(1028): message : see previous definition of 'stbi__mad3sizes_valid'
C:\Users\c019949l\source\repos\ByCubed7\OpenGL-Enviroment\Platformer\Library\stb_image.h(1030,12): error C2065: 'stbi__mul2sizes_valid': undeclared identifier
C:\Users\c019949l\source\repos\ByCubed7\OpenGL-Enviroment\Platformer\Library\stb_image.h(1030,43): error C2065: 'stbi__mul2sizes_valid': undeclared identifier
C:\Users\c019949l\source\repos\ByCubed7\OpenGL-Enviroment\Platformer\Library\stb_image.h(1030,75): warning C4551: function call missing argument list
C:\Users\c019949l\source\repos\ByCubed7\OpenGL-Enviroment\Platformer\Library\stb_image.h(1030,75): error C2568: '&&': unable to resolve function overload
C:\Users\c019949l\source\repos\ByCubed7\OpenGL-Enviroment\Platformer\Library\stb_image.h(1030,75): message : could be 'int stbi__mul2sizes_valid(int,int)'
C:\Users\c019949l\source\repos\ByCubed7\OpenGL-Enviroment\Platformer\Library\stb_image.h(1031,9): error C2065: 'stbi__addsizes_valid': undeclared identifier
C:\Users\c019949l\source\repos\ByCubed7\OpenGL-Enviroment\Platformer\Library\stb_image.h(1036,12): error C2084: function 'int stbi__mad4sizes_valid(int,int,int,int,int)' already has a body
C:\Users\c019949l\source\repos\ByCubed7\OpenGL-Enviroment\Platformer\Library\stb_image.h(1036): message : see previous definition of 'stbi__mad4sizes_valid'
C:\Users\c019949l\source\repos\ByCubed7\OpenGL-Enviroment\Platformer\Library\stb_image.h(1038,12): error C2065: 'stbi__mul2sizes_valid': undeclared identifier
C:\Users\c019949l\source\repos\ByCubed7\OpenGL-Enviroment\Platformer\Library\stb_image.h(1038,43): error C2065: 'stbi__mul2sizes_valid': undeclared identifier
C:\Users\c019949l\source\repos\ByCubed7\OpenGL-Enviroment\Platformer\Library\stb_image.h(1038,75): warning C4551: function call missing argument list
C:\Users\c019949l\source\repos\ByCubed7\OpenGL-Enviroment\Platformer\Library\stb_image.h(1038,75): error C2568: '&&': unable to resolve function overload
C:\Users\c019949l\source\repos\ByCubed7\OpenGL-Enviroment\Platformer\Library\stb_image.h(1038,75): message : could be 'int stbi__mul2sizes_valid(int,int)'
C:\Users\c019949l\source\repos\ByCubed7\OpenGL-Enviroment\Platformer\Library\stb_image.h(1039,9): error C2065: 'stbi__mul2sizes_valid': undeclared identifier
C:\Users\c019949l\source\repos\ByCubed7\OpenGL-Enviroment\Platformer\Library\stb_image.h(1039,48): error C2065: 'stbi__addsizes_valid': undeclared identifier
C:\Users\c019949l\source\repos\ByCubed7\OpenGL-Enviroment\Platformer\Library\stb_image.h(1045,14): error C2084: function 'void *stbi__malloc_mad2(int,int,int)' already has a body
C:\Users\c019949l\source\repos\ByCubed7\OpenGL-Enviroment\Platformer\Library\stb_image.h(1045): message : see previous definition of 'stbi__malloc_mad2'
C:\Users\c019949l\source\repos\ByCubed7\OpenGL-Enviroment\Platformer\Library\stb_image.h(1047,10): error C2065: 'stbi__mad2sizes_valid': undeclared identifier
C:\Users\c019949l\source\repos\ByCubed7\OpenGL-Enviroment\Platformer\Library\stb_image.h(1047,9): warning C4551: function call missing argument list
C:\Users\c019949l\source\repos\ByCubed7\OpenGL-Enviroment\Platformer\Library\stb_image.h(1048,12): error C2065: 'stbi__malloc': undeclared identifier
C:\Users\c019949l\source\repos\ByCubed7\OpenGL-Enviroment\Platformer\Library\stb_image.h(1052,14): error C2084: function 'void *stbi__malloc_mad3(int,int,int,int)' already has a body
C:\Users\c019949l\source\repos\ByCubed7\OpenGL-Enviroment\Platformer\Library\stb_image.h(1052): message : see previous definition of 'stbi__malloc_mad3'
C:\Users\c019949l\source\repos\ByCubed7\OpenGL-Enviroment\Platformer\Library\stb_image.h(1054,10): error C2065: 'stbi__mad3sizes_valid': undeclared identifier
C:\Users\c019949l\source\repos\ByCubed7\OpenGL-Enviroment\Platformer\Library\stb_image.h(1054,9): warning C4551: function call missing argument list
C:\Users\c019949l\source\repos\ByCubed7\OpenGL-Enviroment\Platformer\Library\stb_image.h(1055,12): error C2065: 'stbi__malloc': undeclared identifier
C:\Users\c019949l\source\repos\ByCubed7\OpenGL-Enviroment\Platformer\Library\stb_image.h(1059,14): error C2084: function 'void *stbi__malloc_mad4(int,int,int,int,int)' already has a body
C:\Users\c019949l\source\repos\ByCubed7\OpenGL-Enviroment\Platformer\Library\stb_image.h(1059): message : see previous definition of 'stbi__malloc_mad4'
C:\Users\c019949l\source\repos\ByCubed7\OpenGL-Enviroment\Platformer\Library\stb_image.h(1061,10): error C2065: 'stbi__mad4sizes_valid': undeclared identifier
C:\Users\c019949l\source\repos\ByCubed7\OpenGL-Enviroment\Platformer\Library\stb_image.h(1061,9): warning C4551: function call missing argument list
C:\Users\c019949l\source\repos\ByCubed7\OpenGL-Enviroment\Platformer\Library\stb_image.h(1062,12): error C2065: 'stbi__malloc': undeclared identifier
C:\Users\c019949l\source\repos\ByCubed7\OpenGL-Enviroment\Platformer\Library\stb_image.h(1081,14): error C2084: function 'void stbi_image_free(void *)' already has a body
C:\Users\c019949l\source\repos\ByCubed7\OpenGL-Enviroment\Platformer\Library\stb_image.h(1081): message : see previous definition of 'stbi_image_free'
C:\Users\c019949l\source\repos\ByCubed7\OpenGL-Enviroment\Platformer\Library\stb_image.h(1094,12): error C2374: 'stbi__vertically_flip_on_load_global': redefinition; multiple initialization
C:\Users\c019949l\source\repos\ByCubed7\OpenGL-Enviroment\Platformer\Library\stb_image.h(1094): message : see declaration of 'stbi__vertically_flip_on_load_global'
C:\Users\c019949l\source\repos\ByCubed7\OpenGL-Enviroment\Platformer\Library\stb_image.h(1096,14): error C2084: function 'void stbi_set_flip_vertically_on_load(int)' already has a body
C:\Users\c019949l\source\repos\ByCubed7\OpenGL-Enviroment\Platformer\Library\stb_image.h(1096): message : see previous definition of 'stbi_set_flip_vertically_on_load'
C:\Users\c019949l\source\repos\ByCubed7\OpenGL-Enviroment\Platformer\Library\stb_image.h(1104,30): error C2086: 'int stbi__vertically_flip_on_load_local': redefinition
C:\Users\c019949l\source\repos\ByCubed7\OpenGL-Enviroment\Platformer\Library\stb_image.h(1104): message : see declaration of 'stbi__vertically_flip_on_load_local'
C:\Users\c019949l\source\repos\ByCubed7\OpenGL-Enviroment\Platformer\Library\stb_image.h(1104,67): error C2086: 'int stbi__vertically_flip_on_load_set': redefinition
C:\Users\c019949l\source\repos\ByCubed7\OpenGL-Enviroment\Platformer\Library\stb_image.h(1104): message : see declaration of 'stbi__vertically_flip_on_load_set'
C:\Users\c019949l\source\repos\ByCubed7\OpenGL-Enviroment\Platformer\Library\stb_image.h(1106,14): error C2084: function 'void stbi_set_flip_vertically_on_load_thread(int)' already has a body
C:\Users\c019949l\source\repos\ByCubed7\OpenGL-Enviroment\Platformer\Library\stb_image.h(1106): message : see previous definition of 'stbi_set_flip_vertically_on_load_thread'
C:\Users\c019949l\source\repos\ByCubed7\OpenGL-Enviroment\Platformer\Library\stb_image.h(1117,14): error C2084: function 'void *stbi__load_main(stbi__context *,int *,int *,int *,int,stbi__result_info *,int)' already has a body
C:\Users\c019949l\source\repos\ByCubed7\OpenGL-Enviroment\Platformer\Library\stb_image.h(1117): message : see previous definition of 'stbi__load_main'
C:\Users\c019949l\source\repos\ByCubed7\OpenGL-Enviroment\Platformer\Library\stb_image.h(1167,12): error C2065: 'stbi__err': undeclared identifier
C:\Users\c019949l\source\repos\ByCubed7\OpenGL-Enviroment\Platformer\Library\stb_image.h(1170,17): error C2084: function 'stbi_uc *stbi__convert_16_to_8(stbi__uint16 *,int,int,int)' already has a body
C:\Users\c019949l\source\repos\ByCubed7\OpenGL-Enviroment\Platformer\Library\stb_image.h(1170): message : see previous definition of 'stbi__convert_16_to_8'
C:\Users\c019949l\source\repos\ByCubed7\OpenGL-Enviroment\Platformer\Library\stb_image.h(1176,25): error C2065: 'stbi__malloc': undeclared identifier
C:\Users\c019949l\source\repos\ByCubed7\OpenGL-Enviroment\Platformer\Library\stb_image.h(1177,33): error C2065: 'stbi__err': undeclared identifier
C:\Users\c019949l\source\repos\ByCubed7\OpenGL-Enviroment\Platformer\Library\stb_image.h(1186,22): error C2084: function 'stbi__uint16 *stbi__convert_8_to_16(stbi_uc *,int,int,int)' already has a body
C:\Users\c019949l\source\repos\ByCubed7\OpenGL-Enviroment\Platformer\Library\stb_image.h(1186): message : see previous definition of 'stbi__convert_8_to_16'
C:\Users\c019949l\source\repos\ByCubed7\OpenGL-Enviroment\Platformer\Library\stb_image.h(1192,31): error C2065: 'stbi__malloc': undeclared identifier
C:\Users\c019949l\source\repos\ByCubed7\OpenGL-Enviroment\Platformer\Library\stb_image.h(1193,49): error C2065: 'stbi__err': undeclared identifier
C:\Users\c019949l\source\repos\ByCubed7\OpenGL-Enviroment\Platformer\Library\stb_image.h(1202,13): error C2084: function 'void stbi__vertical_flip(void *,int,int,int)' already has a body
C:\Users\c019949l\source\repos\ByCubed7\OpenGL-Enviroment\Platformer\Library\stb_image.h(1202): message : see previous definition of 'stbi__vertical_flip'
C:\Users\c019949l\source\repos\ByCubed7\OpenGL-Enviroment\Platformer\Library\stb_image.h(1227,13): error C2084: function 'void stbi__vertical_flip_slices(void *,int,int,int,int)' already has a body
C:\Users\c019949l\source\repos\ByCubed7\OpenGL-Enviroment\Platformer\Library\stb_image.h(1227): message : see previous definition of 'stbi__vertical_flip_slices'
C:\Users\c019949l\source\repos\ByCubed7\OpenGL-Enviroment\Platformer\Library\stb_image.h(1234,9): error C2065: 'stbi__vertical_flip': undeclared identifier
C:\Users\c019949l\source\repos\ByCubed7\OpenGL-Enviroment\Platformer\Library\stb_image.h(1240,23): error C2084: function 'unsigned char *stbi__load_and_postprocess_8bit(stbi__context *,int *,int *,int *,int)' already has a body
C:\Users\c019949l\source\repos\ByCubed7\OpenGL-Enviroment\Platformer\Library\stb_image.h(1240): message : see previous definition of 'stbi__load_and_postprocess_8bit'
C:\Users\c019949l\source\repos\ByCubed7\OpenGL-Enviroment\Platformer\Library\stb_image.h(1243,20): error C2065: 'stbi__load_main': undeclared identifier
C:\Users\c019949l\source\repos\ByCubed7\OpenGL-Enviroment\Platformer\Library\stb_image.h(1252,18): error C2065: 'stbi__convert_16_to_8': undeclared identifier
C:\Users\c019949l\source\repos\ByCubed7\OpenGL-Enviroment\Platformer\Library\stb_image.h(1252,104): error C2568: '=': unable to resolve function overload
C:\Users\c019949l\source\repos\ByCubed7\OpenGL-Enviroment\Platformer\Library\stb_image.h(1252,104): message : could be 'stbi_uc *stbi__convert_16_to_8(stbi__uint16 *,int,int,int)'
C:\Users\c019949l\source\repos\ByCubed7\OpenGL-Enviroment\Platformer\Library\stb_image.h(1260,9): error C2065: 'stbi__vertical_flip': undeclared identifier
C:\Users\c019949l\source\repos\ByCubed7\OpenGL-Enviroment\Platformer\Library\stb_image.h(1266,22): error C2084: function 'stbi__uint16 *stbi__load_and_postprocess_16bit(stbi__context *,int *,int *,int *,int)' already has a body
C:\Users\c019949l\source\repos\ByCubed7\OpenGL-Enviroment\Platformer\Library\stb_image.h(1266): message : see previous definition of 'stbi__load_and_postprocess_16bit'
C:\Users\c019949l\source\repos\ByCubed7\OpenGL-Enviroment\Platformer\Library\stb_image.h(1269,20): error C2065: 'stbi__load_main': undeclared identifier
C:\Users\c019949l\source\repos\ByCubed7\OpenGL-Enviroment\Platformer\Library\stb_image.h(1278,18): error C2065: 'stbi__convert_8_to_16': undeclared identifier
C:\Users\c019949l\source\repos\ByCubed7\OpenGL-Enviroment\Platformer\Library\stb_image.h(1278,99): error C2568: '=': unable to resolve function overload
C:\Users\c019949l\source\repos\ByCubed7\OpenGL-Enviroment\Platformer\Library\stb_image.h(1278,99): message : could be 'stbi__uint16 *stbi__convert_8_to_16(stbi_uc *,int,int,int)'
C:\Users\c019949l\source\repos\ByCubed7\OpenGL-Enviroment\Platformer\Library\stb_image.h(1287,9): error C2065: 'stbi__vertical_flip': undeclared identifier
C:\Users\c019949l\source\repos\ByCubed7\OpenGL-Enviroment\Platformer\Library\stb_image.h(1294,13): error C2084: function 'void stbi__float_postprocess(float *,int *,int *,int *,int)' already has a body
C:\Users\c019949l\source\repos\ByCubed7\OpenGL-Enviroment\Platformer\Library\stb_image.h(1294): message : see previous definition of 'stbi__float_postprocess'
C:\Users\c019949l\source\repos\ByCubed7\OpenGL-Enviroment\Platformer\Library\stb_image.h(1298,9): error C2065: 'stbi__vertical_flip': undeclared identifier
C:\Users\c019949l\source\repos\ByCubed7\OpenGL-Enviroment\Platformer\Library\stb_image.h(1317,14): error C2084: function 'FILE *stbi__fopen(const char *,const char *)' already has a body
C:\Users\c019949l\source\repos\ByCubed7\OpenGL-Enviroment\Platformer\Library\stb_image.h(1317): message : see previous definition of 'stbi__fopen'
C:\Users\c019949l\source\repos\ByCubed7\OpenGL-Enviroment\Platformer\Library\stb_image.h(1346,18): error C2084: function 'stbi_uc *stbi_load(const char *,int *,int *,int *,int)' already has a body
C:\Users\c019949l\source\repos\ByCubed7\OpenGL-Enviroment\Platformer\Library\stb_image.h(1346): message : see previous definition of 'stbi_load'
C:\Users\c019949l\source\repos\ByCubed7\OpenGL-Enviroment\Platformer\Library\stb_image.h(1348,15): error C2065: 'stbi__fopen': undeclared identifier
C:\Users\c019949l\source\repos\ByCubed7\OpenGL-Enviroment\Platformer\Library\stb_image.h(1348,42): error C2440: 'initializing': cannot convert from 'FILE *(__cdecl *)(const char *,const char *)' to 'FILE *'
C:\Users\c019949l\source\repos\ByCubed7\OpenGL-Enviroment\Platformer\Library\stb_image.h(1348,13): message : There is no context in which this conversion is possible
C:\Users\c019949l\source\repos\ByCubed7\OpenGL-Enviroment\Platformer\Library\stb_image.h(1350,20): error C2065: 'stbi__err': undeclared identifier
C:\Users\c019949l\source\repos\ByCubed7\OpenGL-Enviroment\Platformer\Library\stb_image.h(1356,18): error C2084: function 'stbi_uc *stbi_load_from_file(FILE *,int *,int *,int *,int)' already has a body
C:\Users\c019949l\source\repos\ByCubed7\OpenGL-Enviroment\Platformer\Library\stb_image.h(1356): message : see previous definition of 'stbi_load_from_file'
C:\Users\c019949l\source\repos\ByCubed7\OpenGL-Enviroment\Platformer\Library\stb_image.h(1360,5): error C2065: 'stbi__start_file': undeclared identifier
C:\Users\c019949l\source\repos\ByCubed7\OpenGL-Enviroment\Platformer\Library\stb_image.h(1361,14): error C2065: 'stbi__load_and_postprocess_8bit': undeclared identifier
C:\Users\c019949l\source\repos\ByCubed7\OpenGL-Enviroment\Platformer\Library\stb_image.h(1361,71): error C2568: '=': unable to resolve function overload
C:\Users\c019949l\source\repos\ByCubed7\OpenGL-Enviroment\Platformer\Library\stb_image.h(1361,71): message : could be 'unsigned char *stbi__load_and_postprocess_8bit(stbi__context *,int *,int *,int *,int)'
C:\Users\c019949l\source\repos\ByCubed7\OpenGL-Enviroment\Platformer\Library\stb_image.h(1369,23): error C2084: function 'stbi_us *stbi_load_from_file_16(FILE *,int *,int *,int *,int)' already has a body
C:\Users\c019949l\source\repos\ByCubed7\OpenGL-Enviroment\Platformer\Library\stb_image.h(1369): message : see previous definition of 'stbi_load_from_file_16'
C:\Users\c019949l\source\repos\ByCubed7\OpenGL-Enviroment\Platformer\Library\stb_image.h(1373,5): error C2065: 'stbi__start_file': undeclared identifier
C:\Users\c019949l\source\repos\ByCubed7\OpenGL-Enviroment\Platformer\Library\stb_image.h(1374,14): error C2065: 'stbi__load_and_postprocess_16bit': undeclared identifier
C:\Users\c019949l\source\repos\ByCubed7\OpenGL-Enviroment\Platformer\Library\stb_image.h(1374,72): error C2568: '=': unable to resolve function overload
C:\Users\c019949l\source\repos\ByCubed7\OpenGL-Enviroment\Platformer\Library\stb_image.h(1374,72): message : could be 'stbi__uint16 *stbi__load_and_postprocess_16bit(stbi__context *,int *,int *,int *,int)'
C:\Users\c019949l\source\repos\ByCubed7\OpenGL-Enviroment\Platformer\Library\stb_image.h(1382,18): error C2084: function 'stbi_us *stbi_load_16(const char *,int *,int *,int *,int)' already has a body
C:\Users\c019949l\source\repos\ByCubed7\OpenGL-Enviroment\Platformer\Library\stb_image.h(1382): message : see previous definition of 'stbi_load_16'
C:\Users\c019949l\source\repos\ByCubed7\OpenGL-Enviroment\Platformer\Library\stb_image.h(1384,15): error C2065: 'stbi__fopen': undeclared identifier
C:\Users\c019949l\source\repos\ByCubed7\OpenGL-Enviroment\Platformer\Library\stb_image.h(1384,42): error C2440: 'initializing': cannot convert from 'FILE *(__cdecl *)(const char *,const char *)' to 'FILE *'
C:\Users\c019949l\source\repos\ByCubed7\OpenGL-Enviroment\Platformer\Library\stb_image.h(1384,13): message : There is no context in which this conversion is possible
C:\Users\c019949l\source\repos\ByCubed7\OpenGL-Enviroment\Platformer\Library\stb_image.h(1386,30): error C2065: 'stbi__err': undeclared identifier
C:\Users\c019949l\source\repos\ByCubed7\OpenGL-Enviroment\Platformer\Library\stb_image.h(1387,14): error C2065: 'stbi_load_from_file_16': undeclared identifier
C:\Users\c019949l\source\repos\ByCubed7\OpenGL-Enviroment\Platformer\Library\stb_image.h(1387,61): error C2568: '=': unable to resolve function overload
C:\Users\c019949l\source\repos\ByCubed7\OpenGL-Enviroment\Platformer\Library\stb_image.h(1387,61): message : could be 'stbi_us *stbi_load_from_file_16(FILE *,int *,int *,int *,int)'
C:\Users\c019949l\source\repos\ByCubed7\OpenGL-Enviroment\Platformer\Library\stb_image.h(1395,18): error C2084: function 'stbi_us *stbi_load_16_from_memory(const stbi_uc *,int,int *,int *,int *,int)' already has a body
C:\Users\c019949l\source\repos\ByCubed7\OpenGL-Enviroment\Platformer\Library\stb_image.h(1395): message : see previous definition of 'stbi_load_16_from_memory'
C:\Users\c019949l\source\repos\ByCubed7\OpenGL-Enviroment\Platformer\Library\stb_image.h(1398,5): error C2065: 'stbi__start_mem': undeclared identifier
C:\Users\c019949l\source\repos\ByCubed7\OpenGL-Enviroment\Platformer\Library\stb_image.h(1399,12): error C2065: 'stbi__load_and_postprocess_16bit': undeclared identifier
C:\Users\c019949l\source\repos\ByCubed7\OpenGL-Enviroment\Platformer\Library\stb_image.h(1402,18): error C2084: function 'stbi_us *stbi_load_16_from_callbacks(const stbi_io_callbacks *,void *,int *,int *,int *,int)' already has a body
C:\Users\c019949l\source\repos\ByCubed7\OpenGL-Enviroment\Platformer\Library\stb_image.h(1402): message : see previous definition of 'stbi_load_16_from_callbacks'
C:\Users\c019949l\source\repos\ByCubed7\OpenGL-Enviroment\Platformer\Library\stb_image.h(1405,5): error C2065: 'stbi__start_callbacks': undeclared identifier
C:\Users\c019949l\source\repos\ByCubed7\OpenGL-Enviroment\Platformer\Library\stb_image.h(1406,12): error C2065: 'stbi__load_and_postprocess_16bit': undeclared identifier
C:\Users\c019949l\source\repos\ByCubed7\OpenGL-Enviroment\Platformer\Library\stb_image.h(1406,89): fatal error C1003: error count exceeds 100; stopping compilation
  Shape.cpp
C:\Users\c019949l\source\repos\ByCubed7\OpenGL-Enviroment\Platformer\Texture.h(39,18): error C2039: 'cout': is not a member of 'std'
C:\Program Files (x86)\Microsoft Visual Studio\2019\Professional\VC\Tools\MSVC\14.28.29910\include\string(24): message : see declaration of 'std'
C:\Users\c019949l\source\repos\ByCubed7\OpenGL-Enviroment\Platformer\Texture.h(39,1): error C2065: 'cout': undeclared identifier
C:\Users\c019949l\source\repos\ByCubed7\OpenGL-Enviroment\Platformer\Texture.h(39,83): error C2039: 'endl': is not a member of 'std'
C:\Program Files (x86)\Microsoft Visual Studio\2019\Professional\VC\Tools\MSVC\14.28.29910\include\string(24): message : see declaration of 'std'
C:\Users\c019949l\source\repos\ByCubed7\OpenGL-Enviroment\Platformer\Texture.h(39,1): error C2065: 'endl': undeclared identifier
C:\Program Files (x86)\Windows Kits\10\Include\10.0.19041.0\shared\minwindef.h(130,1): warning C4005: 'APIENTRY': macro redefinition
C:\Users\c019949l\source\repos\ByCubed7\OpenGL-Enviroment\Platformer\Library\glad.h(32): message : see previous definition of 'APIENTRY'
C:\Users\c019949l\source\repos\ByCubed7\OpenGL-Enviroment\Platformer\Shape.cpp(40,74): warning C4267: 'argument': conversion from 'size_t' to 'GLsizei', possible loss of data
  Generating Code...
